2026-01-08 08:22:34 | INFO     | kalshi_bot | setup_logger:129 | ================================================================================
2026-01-08 08:22:34 | INFO     | kalshi_bot | setup_logger:130 | Logger initialized: kalshi_bot
2026-01-08 08:22:34 | INFO     | kalshi_bot | setup_logger:131 | Log level: INFO
2026-01-08 08:22:34 | INFO     | kalshi_bot | setup_logger:133 | Log file: logs/kalshi_bot.log
2026-01-08 08:22:34 | INFO     | kalshi_bot | setup_logger:134 | Timestamp: 2026-01-08 08:22:34
2026-01-08 08:22:34 | INFO     | kalshi_bot | setup_logger:135 | ================================================================================
2026-01-08 08:22:34 | INFO     | kalshi_bot | test_logger:20 | ✅ Info message (should appear)
2026-01-08 08:22:34 | WARNING  | kalshi_bot | test_logger:21 | ⚠️ Warning message
2026-01-08 08:22:34 | ERROR    | kalshi_bot | test_logger:22 | ❌ Error message
2026-01-08 08:22:34 | ERROR    | kalshi_bot | test_logger:28 | Exception caught:
Traceback (most recent call last):
  File "/Users/shyamal/Documents/Workspace/Polymarket-spike-bot-v1/tests/test_logger.py", line 26, in test_logger
    raise ValueError("Test exception")
ValueError: Test exception
2026-01-08 08:23:57 | INFO     | kalshi_bot | setup_logger:129 | ================================================================================
2026-01-08 08:23:57 | INFO     | kalshi_bot | setup_logger:130 | Logger initialized: kalshi_bot
2026-01-08 08:23:57 | INFO     | kalshi_bot | setup_logger:131 | Log level: INFO
2026-01-08 08:23:57 | INFO     | kalshi_bot | setup_logger:133 | Log file: logs/kalshi_bot.log
2026-01-08 08:23:57 | INFO     | kalshi_bot | setup_logger:134 | Timestamp: 2026-01-08 08:23:57
2026-01-08 08:23:57 | INFO     | kalshi_bot | setup_logger:135 | ================================================================================
2026-01-08 08:23:57 | INFO     | kalshi_bot | test_logger:20 | ✅ Info message (should appear)
2026-01-08 08:23:57 | WARNING  | kalshi_bot | test_logger:21 | ⚠️ Warning message
2026-01-08 08:23:57 | ERROR    | kalshi_bot | test_logger:22 | ❌ Error message
2026-01-08 08:23:57 | ERROR    | kalshi_bot | test_logger:28 | Exception caught:
Traceback (most recent call last):
  File "/Users/shyamal/Documents/Workspace/Polymarket-spike-bot-v1/tests/test_logger.py", line 26, in test_logger
    raise ValueError("Test exception")
ValueError: Test exception
2026-01-08 08:25:43 | INFO     | kalshi_bot | setup_logger:129 | ================================================================================
2026-01-08 08:25:43 | INFO     | kalshi_bot | setup_logger:130 | Logger initialized: kalshi_bot
2026-01-08 08:25:43 | INFO     | kalshi_bot | setup_logger:131 | Log level: INFO
2026-01-08 08:25:43 | INFO     | kalshi_bot | setup_logger:133 | Log file: logs/kalshi_bot.log
2026-01-08 08:25:43 | INFO     | kalshi_bot | setup_logger:134 | Timestamp: 2026-01-08 08:25:43
2026-01-08 08:25:43 | INFO     | kalshi_bot | setup_logger:135 | ================================================================================
2026-01-08 08:25:43 | INFO     | kalshi_bot | test_logger:20 | ✅ Info message (should appear)
2026-01-08 08:25:43 | WARNING  | kalshi_bot | test_logger:21 | ⚠️ Warning message
2026-01-08 08:25:43 | ERROR    | kalshi_bot | test_logger:22 | ❌ Error message
2026-01-08 08:25:43 | ERROR    | kalshi_bot | test_logger:28 | Exception caught:
Traceback (most recent call last):
  File "/Users/shyamal/Documents/Workspace/Polymarket-spike-bot-v1/tests/test_logger.py", line 26, in test_logger
    raise ValueError("Test exception")
ValueError: Test exception
2026-01-08 08:31:16 | INFO     | kalshi_bot | setup_logger:129 | ================================================================================
2026-01-08 08:31:16 | INFO     | kalshi_bot | setup_logger:130 | Logger initialized: kalshi_bot
2026-01-08 08:31:16 | INFO     | kalshi_bot | setup_logger:131 | Log level: INFO
2026-01-08 08:31:16 | INFO     | kalshi_bot | setup_logger:133 | Log file: logs/kalshi_bot.log
2026-01-08 08:31:16 | INFO     | kalshi_bot | setup_logger:134 | Timestamp: 2026-01-08 08:31:16
2026-01-08 08:31:16 | INFO     | kalshi_bot | setup_logger:135 | ================================================================================
2026-01-08 08:31:16 | INFO     | kalshi_bot | test_logger:20 | ✅ Info message (should appear)
2026-01-08 08:31:16 | WARNING  | kalshi_bot | test_logger:21 | ⚠️ Warning message
2026-01-08 08:31:16 | ERROR    | kalshi_bot | test_logger:22 | ❌ Error message
2026-01-08 08:31:16 | ERROR    | kalshi_bot | test_logger:28 | Exception caught:
Traceback (most recent call last):
  File "/Users/shyamal/Documents/Workspace/Polymarket-spike-bot-v1/tests/test_logger.py", line 26, in test_logger
    raise ValueError("Test exception")
ValueError: Test exception
2026-01-08 08:39:53 | INFO     | kalshi_bot | setup_logger:129 | ================================================================================
2026-01-08 08:39:53 | INFO     | kalshi_bot | setup_logger:130 | Logger initialized: kalshi_bot
2026-01-08 08:39:53 | INFO     | kalshi_bot | setup_logger:131 | Log level: INFO
2026-01-08 08:39:53 | INFO     | kalshi_bot | setup_logger:133 | Log file: logs/kalshi_bot.log
2026-01-08 08:39:53 | INFO     | kalshi_bot | setup_logger:134 | Timestamp: 2026-01-08 08:39:53
2026-01-08 08:39:53 | INFO     | kalshi_bot | setup_logger:135 | ================================================================================
2026-01-08 08:39:53 | INFO     | kalshi_bot | test_logger:20 | ✅ Info message (should appear)
2026-01-08 08:39:53 | WARNING  | kalshi_bot | test_logger:21 | ⚠️ Warning message
2026-01-08 08:39:53 | ERROR    | kalshi_bot | test_logger:22 | ❌ Error message
2026-01-08 08:39:53 | ERROR    | kalshi_bot | test_logger:28 | Exception caught:
Traceback (most recent call last):
  File "/Users/shyamal/Documents/Workspace/Polymarket-spike-bot-v1/tests/test_logger.py", line 26, in test_logger
    raise ValueError("Test exception")
ValueError: Test exception
2026-01-08 08:42:09 | INFO     | kalshi_bot | setup_logger:129 | ================================================================================
2026-01-08 08:42:09 | INFO     | kalshi_bot | setup_logger:130 | Logger initialized: kalshi_bot
2026-01-08 08:42:09 | INFO     | kalshi_bot | setup_logger:131 | Log level: INFO
2026-01-08 08:42:09 | INFO     | kalshi_bot | setup_logger:133 | Log file: logs/kalshi_bot.log
2026-01-08 08:42:09 | INFO     | kalshi_bot | setup_logger:134 | Timestamp: 2026-01-08 08:42:09
2026-01-08 08:42:09 | INFO     | kalshi_bot | setup_logger:135 | ================================================================================
2026-01-08 08:42:09 | INFO     | kalshi_bot | test_logger:20 | ✅ Info message (should appear)
2026-01-08 08:42:09 | WARNING  | kalshi_bot | test_logger:21 | ⚠️ Warning message
2026-01-08 08:42:09 | ERROR    | kalshi_bot | test_logger:22 | ❌ Error message
2026-01-08 08:42:09 | ERROR    | kalshi_bot | test_logger:28 | Exception caught:
Traceback (most recent call last):
  File "/Users/shyamal/Documents/Workspace/Polymarket-spike-bot-v1/tests/test_logger.py", line 26, in test_logger
    raise ValueError("Test exception")
ValueError: Test exception
2026-01-08 09:32:29 | INFO     | kalshi_bot | setup_logger:129 | ================================================================================
2026-01-08 09:32:29 | INFO     | kalshi_bot | setup_logger:130 | Logger initialized: kalshi_bot
2026-01-08 09:32:29 | INFO     | kalshi_bot | setup_logger:131 | Log level: INFO
2026-01-08 09:32:29 | INFO     | kalshi_bot | setup_logger:133 | Log file: logs/kalshi_bot.log
2026-01-08 09:32:29 | INFO     | kalshi_bot | setup_logger:134 | Timestamp: 2026-01-08 09:32:29
2026-01-08 09:32:29 | INFO     | kalshi_bot | setup_logger:135 | ================================================================================
2026-01-08 09:32:29 | INFO     | kalshi_bot | test_logger:20 | ✅ Info message (should appear)
2026-01-08 09:32:29 | WARNING  | kalshi_bot | test_logger:21 | ⚠️ Warning message
2026-01-08 09:32:29 | ERROR    | kalshi_bot | test_logger:22 | ❌ Error message
2026-01-08 09:32:29 | ERROR    | kalshi_bot | test_logger:28 | Exception caught:
Traceback (most recent call last):
  File "/Users/shyamal/Documents/Workspace/Polymarket-spike-bot-v1/tests/test_logger.py", line 26, in test_logger
    raise ValueError("Test exception")
ValueError: Test exception
2026-01-08 09:34:58 | INFO     | kalshi_bot | setup_logger:129 | ================================================================================
2026-01-08 09:34:58 | INFO     | kalshi_bot | setup_logger:130 | Logger initialized: kalshi_bot
2026-01-08 09:34:58 | INFO     | kalshi_bot | setup_logger:131 | Log level: INFO
2026-01-08 09:34:58 | INFO     | kalshi_bot | setup_logger:133 | Log file: logs/kalshi_bot.log
2026-01-08 09:34:58 | INFO     | kalshi_bot | setup_logger:134 | Timestamp: 2026-01-08 09:34:58
2026-01-08 09:34:58 | INFO     | kalshi_bot | setup_logger:135 | ================================================================================
2026-01-08 09:34:58 | INFO     | kalshi_bot | test_logger:20 | ✅ Info message (should appear)
2026-01-08 09:34:58 | WARNING  | kalshi_bot | test_logger:21 | ⚠️ Warning message
2026-01-08 09:34:58 | ERROR    | kalshi_bot | test_logger:22 | ❌ Error message
2026-01-08 09:34:58 | ERROR    | kalshi_bot | test_logger:28 | Exception caught:
Traceback (most recent call last):
  File "/Users/shyamal/Documents/Workspace/Polymarket-spike-bot-v1/tests/test_logger.py", line 26, in test_logger
    raise ValueError("Test exception")
ValueError: Test exception
2026-01-08 13:18:32 | INFO     | kalshi_bot | setup_logger:129 | ================================================================================
2026-01-08 13:18:32 | INFO     | kalshi_bot | setup_logger:130 | Logger initialized: kalshi_bot
2026-01-08 13:18:32 | INFO     | kalshi_bot | setup_logger:131 | Log level: INFO
2026-01-08 13:18:32 | INFO     | kalshi_bot | setup_logger:133 | Log file: logs/kalshi_bot.log
2026-01-08 13:18:32 | INFO     | kalshi_bot | setup_logger:134 | Timestamp: 2026-01-08 13:18:32
2026-01-08 13:18:32 | INFO     | kalshi_bot | setup_logger:135 | ================================================================================
2026-01-08 13:18:32 | INFO     | kalshi_bot | test_logger:20 | ✅ Info message (should appear)
2026-01-08 13:18:32 | WARNING  | kalshi_bot | test_logger:21 | ⚠️ Warning message
2026-01-08 13:18:32 | ERROR    | kalshi_bot | test_logger:22 | ❌ Error message
2026-01-08 13:18:32 | ERROR    | kalshi_bot | test_logger:28 | Exception caught:
Traceback (most recent call last):
  File "/Users/shyamal/Documents/Workspace/auto_bot/tests/test_logger.py", line 26, in test_logger
    raise ValueError("Test exception")
ValueError: Test exception
2026-01-08 13:19:17 | INFO     | kalshi_bot | setup_logger:129 | ================================================================================
2026-01-08 13:19:17 | INFO     | kalshi_bot | setup_logger:130 | Logger initialized: kalshi_bot
2026-01-08 13:19:17 | INFO     | kalshi_bot | setup_logger:131 | Log level: INFO
2026-01-08 13:19:17 | INFO     | kalshi_bot | setup_logger:133 | Log file: logs/kalshi_bot.log
2026-01-08 13:19:17 | INFO     | kalshi_bot | setup_logger:134 | Timestamp: 2026-01-08 13:19:17
2026-01-08 13:19:17 | INFO     | kalshi_bot | setup_logger:135 | ================================================================================
2026-01-08 13:19:17 | INFO     | kalshi_bot | test_logger:20 | ✅ Info message (should appear)
2026-01-08 13:19:17 | WARNING  | kalshi_bot | test_logger:21 | ⚠️ Warning message
2026-01-08 13:19:17 | ERROR    | kalshi_bot | test_logger:22 | ❌ Error message
2026-01-08 13:19:17 | ERROR    | kalshi_bot | test_logger:28 | Exception caught:
Traceback (most recent call last):
  File "/Users/shyamal/Documents/Workspace/Polymarket-spike-bot-v1/tests/test_logger.py", line 26, in test_logger
    raise ValueError("Test exception")
ValueError: Test exception
2026-01-08 14:02:59 | INFO     | kalshi_bot | setup_logger:129 | ================================================================================
2026-01-08 14:02:59 | INFO     | kalshi_bot | setup_logger:130 | Logger initialized: kalshi_bot
2026-01-08 14:02:59 | INFO     | kalshi_bot | setup_logger:131 | Log level: INFO
2026-01-08 14:02:59 | INFO     | kalshi_bot | setup_logger:133 | Log file: logs/kalshi_bot.log
2026-01-08 14:02:59 | INFO     | kalshi_bot | setup_logger:134 | Timestamp: 2026-01-08 14:02:59
2026-01-08 14:02:59 | INFO     | kalshi_bot | setup_logger:135 | ================================================================================
2026-01-08 14:02:59 | INFO     | kalshi_bot | test_logger:20 | ✅ Info message (should appear)
2026-01-08 14:02:59 | WARNING  | kalshi_bot | test_logger:21 | ⚠️ Warning message
2026-01-08 14:02:59 | ERROR    | kalshi_bot | test_logger:22 | ❌ Error message
2026-01-08 14:02:59 | ERROR    | kalshi_bot | test_logger:28 | Exception caught:
Traceback (most recent call last):
  File "/Users/shyamal/Documents/Workspace/Polymarket-spike-bot-v1/tests/test_logger.py", line 26, in test_logger
    raise ValueError("Test exception")
ValueError: Test exception
